<?xml version="1.0" encoding="UTF-8"?>
<!-- Generated by org.testng.reporters.JUnitXMLReporter -->
<testsuite hostname="USBLRPRIYADAV2" ignored="0" name="Test" tests="1" failures="1" timestamp="28 Sep 2017 06:07:07 GMT" time="32.586" errors="0">
  <testcase name="verifyPatient" time="12.188" classname="com.csp.system.TestPatient">
    <failure type="java.lang.AssertionError" message="Error is not matching expected [Error: Invalid Data.
Review all error messages below to correct your data.] but found [Error: Invalid Data.
Review all error messages below to correct your data.]">
      <![CDATA[java.lang.AssertionError: Error is not matching expected [Error: Invalid Data.
Review all error messages below to correct your data.] but found [Error: Invalid Data.
Review all error messages below to correct your data.]
	at com.csp.system.TestPatient.verifyPatient(TestPatient.java:74)
... Removed 30 stack frames]]>
    </failure>
  </testcase> <!-- verifyPatient -->
</testsuite> <!-- Test -->
