<?xml version="1.0" encoding="UTF-8"?>
<testng-results skipped="0" failed="0" ignored="0" total="2" passed="2">
  <reporter-output>
  </reporter-output>
  <suite name="Default suite" duration-ms="28" started-at="2017-09-29T14:31:23Z" finished-at="2017-09-29T14:31:23Z">
    <groups>
    </groups>
    <test name="Default test" duration-ms="28" started-at="2017-09-29T14:31:23Z" finished-at="2017-09-29T14:31:23Z">
      <class name="com.csp.com.csp.system.NewTest">
        <test-method status="PASS" signature="beforeSuite()[pri:0, instance:com.csp.com.csp.system.NewTest@68c4039c]" name="beforeSuite" is-config="true" duration-ms="10" started-at="2017-09-29T20:01:23Z" finished-at="2017-09-29T20:01:23Z">
          <reporter-output>
          </reporter-output>
        </test-method> <!-- beforeSuite -->
        <test-method status="PASS" signature="beforeTest()[pri:0, instance:com.csp.com.csp.system.NewTest@68c4039c]" name="beforeTest" is-config="true" duration-ms="0" started-at="2017-09-29T20:01:23Z" finished-at="2017-09-29T20:01:23Z">
          <reporter-output>
          </reporter-output>
        </test-method> <!-- beforeTest -->
        <test-method status="PASS" signature="beforeClass()[pri:0, instance:com.csp.com.csp.system.NewTest@68c4039c]" name="beforeClass" is-config="true" duration-ms="1" started-at="2017-09-29T20:01:23Z" finished-at="2017-09-29T20:01:23Z">
          <reporter-output>
          </reporter-output>
        </test-method> <!-- beforeClass -->
        <test-method status="PASS" signature="beforeMethod()[pri:0, instance:com.csp.com.csp.system.NewTest@68c4039c]" name="beforeMethod" is-config="true" duration-ms="0" started-at="2017-09-29T20:01:23Z" finished-at="2017-09-29T20:01:23Z">
          <reporter-output>
          </reporter-output>
        </test-method> <!-- beforeMethod -->
        <test-method status="PASS" signature="f1()[pri:0, instance:com.csp.com.csp.system.NewTest@68c4039c]" name="f1" duration-ms="5" started-at="2017-09-29T20:01:23Z" finished-at="2017-09-29T20:01:23Z">
          <reporter-output>
          </reporter-output>
        </test-method> <!-- f1 -->
        <test-method status="PASS" signature="afterMethod()[pri:0, instance:com.csp.com.csp.system.NewTest@68c4039c]" name="afterMethod" is-config="true" duration-ms="1" started-at="2017-09-29T20:01:23Z" finished-at="2017-09-29T20:01:23Z">
          <reporter-output>
          </reporter-output>
        </test-method> <!-- afterMethod -->
        <test-method status="PASS" signature="beforeMethod()[pri:0, instance:com.csp.com.csp.system.NewTest@68c4039c]" name="beforeMethod" is-config="true" duration-ms="0" started-at="2017-09-29T20:01:23Z" finished-at="2017-09-29T20:01:23Z">
          <reporter-output>
          </reporter-output>
        </test-method> <!-- beforeMethod -->
        <test-method status="PASS" signature="f2()[pri:0, instance:com.csp.com.csp.system.NewTest@68c4039c]" name="f2" duration-ms="1" started-at="2017-09-29T20:01:23Z" finished-at="2017-09-29T20:01:23Z">
          <reporter-output>
          </reporter-output>
        </test-method> <!-- f2 -->
        <test-method status="PASS" signature="afterMethod()[pri:0, instance:com.csp.com.csp.system.NewTest@68c4039c]" name="afterMethod" is-config="true" duration-ms="0" started-at="2017-09-29T20:01:23Z" finished-at="2017-09-29T20:01:23Z">
          <reporter-output>
          </reporter-output>
        </test-method> <!-- afterMethod -->
        <test-method status="PASS" signature="afterClass()[pri:0, instance:com.csp.com.csp.system.NewTest@68c4039c]" name="afterClass" is-config="true" duration-ms="0" started-at="2017-09-29T20:01:23Z" finished-at="2017-09-29T20:01:23Z">
          <reporter-output>
          </reporter-output>
        </test-method> <!-- afterClass -->
        <test-method status="PASS" signature="afterTest()[pri:0, instance:com.csp.com.csp.system.NewTest@68c4039c]" name="afterTest" is-config="true" duration-ms="0" started-at="2017-09-29T20:01:23Z" finished-at="2017-09-29T20:01:23Z">
          <reporter-output>
          </reporter-output>
        </test-method> <!-- afterTest -->
        <test-method status="PASS" signature="afterSuite()[pri:0, instance:com.csp.com.csp.system.NewTest@68c4039c]" name="afterSuite" is-config="true" duration-ms="0" started-at="2017-09-29T20:01:23Z" finished-at="2017-09-29T20:01:23Z">
          <reporter-output>
          </reporter-output>
        </test-method> <!-- afterSuite -->
      </class> <!-- com.csp.com.csp.system.NewTest -->
    </test> <!-- Default test -->
  </suite> <!-- Default suite -->
</testng-results>
